<?xml version="1.0" encoding="UTF-8"?>
<!-- Generated by org.testng.reporters.JUnitReportReporter -->
<testsuite hostname="INBook_X1" failures="0" tests="6" name="alpha_task.Execution_part" time="9.570" errors="1" timestamp="2024-09-13T18:23:59 IST" skipped="0">
  <testcase classname="alpha_task.Execution_part" name="sendkey" time="1.544">
    <system-out>
      <![CDATA[Testcase for Sendkeys]]>
    </system-out>
  </testcase> <!-- sendkey -->
  <testcase classname="alpha_task.Execution_part" name="drop" time="0.577">
    <system-out>
      <![CDATA[Testcase for drop]]>
    </system-out>
  </testcase> <!-- drop -->
  <testcase classname="alpha_task.Execution_part" name="login1" time="2.267">
    <system-out>
      <![CDATA[Testcase for login]]>
    </system-out>
  </testcase> <!-- login1 -->
  <testcase classname="alpha_task.Execution_part" name="drop" time="1.670">
    <error message="bound must be positive" type="java.lang.IllegalArgumentException">
      <![CDATA[java.lang.IllegalArgumentException: bound must be positive
at java.base/java.util.Random.nextInt(Random.java:321)
at alpha_class.Mycontact_dropdown.randomdop(Mycontact_dropdown.java:23)
at alpha_task.Execution_part.drop(Execution_part.java:221)
at java.base/jdk.internal.reflect.DirectMethodHandleAccessor.invoke(DirectMethodHandleAccessor.java:104)
at java.base/java.lang.reflect.Method.invoke(Method.java:577)
at org.testng.internal.invokers.MethodInvocationHelper.invokeMethod(MethodInvocationHelper.java:141)
at org.testng.internal.invokers.TestInvoker.invokeMethod(TestInvoker.java:686)
at org.testng.internal.invokers.TestInvoker.invokeTestMethod(TestInvoker.java:230)
at org.testng.internal.invokers.MethodRunner.runInSequence(MethodRunner.java:63)
at org.testng.internal.invokers.TestInvoker$MethodInvocationAgent.invoke(TestInvoker.java:992)
at org.testng.internal.invokers.TestInvoker.invokeTestMethods(TestInvoker.java:203)
at org.testng.internal.invokers.TestMethodWorker.invokeTestMethods(TestMethodWorker.java:154)
at org.testng.internal.invokers.TestMethodWorker.run(TestMethodWorker.java:134)
at java.base/java.util.ArrayList.forEach(ArrayList.java:1511)
at org.testng.TestRunner.privateRun(TestRunner.java:739)
at org.testng.TestRunner.run(TestRunner.java:614)
at org.testng.SuiteRunner.runTest(SuiteRunner.java:421)
at org.testng.SuiteRunner.runSequentially(SuiteRunner.java:413)
at org.testng.SuiteRunner.privateRun(SuiteRunner.java:373)
at org.testng.SuiteRunner.run(SuiteRunner.java:312)
at org.testng.SuiteRunnerWorker.runSuite(SuiteRunnerWorker.java:52)
at org.testng.SuiteRunnerWorker.run(SuiteRunnerWorker.java:95)
at org.testng.TestNG.runSuitesSequentially(TestNG.java:1274)
at org.testng.TestNG.runSuitesLocally(TestNG.java:1208)
at org.testng.TestNG.runSuites(TestNG.java:1112)
at org.testng.TestNG.run(TestNG.java:1079)
at org.testng.remote.AbstractRemoteTestNG.run(AbstractRemoteTestNG.java:115)
at org.testng.remote.RemoteTestNG.initAndRun(RemoteTestNG.java:293)
at org.testng.remote.RemoteTestNG.main(RemoteTestNG.java:91)
]]>
    </error>
  </testcase> <!-- drop -->
  <testcase classname="alpha_task.Execution_part" name="sendkey" time="1.295">
    <system-out>
      <![CDATA[Testcase for Sendkeys]]>
    </system-out>
  </testcase> <!-- sendkey -->
  <testcase classname="alpha_task.Execution_part" name="login1" time="2.217">
    <system-out>
      <![CDATA[Testcase for login]]>
    </system-out>
  </testcase> <!-- login1 -->
  <system-out>
    <![CDATA[Chrome browser launched
Testcase for drop
Testcase for login
Testcase for Sendkeys
Edge browser launched
Testcase for login
Testcase for Sendkeys]]>
  </system-out>
</testsuite> <!-- alpha_task.Execution_part -->
